[2017-09-07 19:23:47] Текст ошибки: Контроллер app\controllers\admin\MainController не найден | Файл: D:\WebServer\domains\ishop2.loc\vendor\ishop\core\Router.php | Строка: 36
=================
[2017-09-07 19:23:47] Текст ошибки: Страница не найдена | Файл: D:\WebServer\domains\ishop2.loc\vendor\ishop\core\Router.php | Строка: 39
=================
[2017-09-07 19:23:47] Текст ошибки: Страница не найдена | Файл: D:\WebServer\domains\ishop2.loc\vendor\ishop\core\Router.php | Строка: 39
=================
[2017-09-07 19:26:12] Текст ошибки: Контроллер app\controllers\admin\MainController не найден | Файл: D:\WebServer\domains\ishop2.loc\vendor\ishop\core\Router.php | Строка: 36
=================
[2017-09-07 19:44:08] Текст ошибки: Страница не найдена | Файл: D:\WebServer\domains\ishop2.loc\vendor\ishop\core\Router.php | Строка: 39
=================
[2017-09-07 19:44:08] Текст ошибки: Страница не найдена | Файл: D:\WebServer\domains\ishop2.loc\vendor\ishop\core\Router.php | Строка: 39
=================
[2017-09-07 19:44:08] Текст ошибки: Страница не найдена | Файл: D:\WebServer\domains\ishop2.loc\vendor\ishop\core\Router.php | Строка: 39
=================
[2017-09-07 19:44:08] Текст ошибки: Страница не найдена | Файл: D:\WebServer\domains\ishop2.loc\vendor\ishop\core\Router.php | Строка: 39
=================
[2017-09-07 19:44:08] Текст ошибки: Страница не найдена | Файл: D:\WebServer\domains\ishop2.loc\vendor\ishop\core\Router.php | Строка: 39
=================
[2017-09-07 19:44:08] Текст ошибки: Страница не найдена | Файл: D:\WebServer\domains\ishop2.loc\vendor\ishop\core\Router.php | Строка: 39
=================
[2017-09-07 19:44:08] Текст ошибки: Страница не найдена | Файл: D:\WebServer\domains\ishop2.loc\vendor\ishop\core\Router.php | Строка: 39
=================
[2017-09-07 19:44:08] Текст ошибки: Страница не найдена | Файл: D:\WebServer\domains\ishop2.loc\vendor\ishop\core\Router.php | Строка: 39
=================
[2017-09-07 19:44:08] Текст ошибки: Страница не найдена | Файл: D:\WebServer\domains\ishop2.loc\vendor\ishop\core\Router.php | Строка: 39
=================
[2017-09-07 19:44:08] Текст ошибки: Страница не найдена | Файл: D:\WebServer\domains\ishop2.loc\vendor\ishop\core\Router.php | Строка: 39
=================
[2017-09-07 19:44:08] Текст ошибки: Страница не найдена | Файл: D:\WebServer\domains\ishop2.loc\vendor\ishop\core\Router.php | Строка: 39
=================
[2017-09-07 19:44:08] Текст ошибки: Страница не найдена | Файл: D:\WebServer\domains\ishop2.loc\vendor\ishop\core\Router.php | Строка: 39
=================
[2017-09-07 19:44:08] Текст ошибки: Страница не найдена | Файл: D:\WebServer\domains\ishop2.loc\vendor\ishop\core\Router.php | Строка: 39
=================
[2017-09-07 19:44:08] Текст ошибки: Страница не найдена | Файл: D:\WebServer\domains\ishop2.loc\vendor\ishop\core\Router.php | Строка: 39
=================
[2017-09-07 19:44:08] Текст ошибки: Страница не найдена | Файл: D:\WebServer\domains\ishop2.loc\vendor\ishop\core\Router.php | Строка: 39
=================
[2017-09-07 19:44:08] Текст ошибки: Страница не найдена | Файл: D:\WebServer\domains\ishop2.loc\vendor\ishop\core\Router.php | Строка: 39
=================
[2017-09-07 19:44:08] Текст ошибки: Страница не найдена | Файл: D:\WebServer\domains\ishop2.loc\vendor\ishop\core\Router.php | Строка: 39
=================
[2017-09-07 19:44:08] Текст ошибки: Страница не найдена | Файл: D:\WebServer\domains\ishop2.loc\vendor\ishop\core\Router.php | Строка: 39
=================
[2017-09-07 19:44:08] Текст ошибки: Страница не найдена | Файл: D:\WebServer\domains\ishop2.loc\vendor\ishop\core\Router.php | Строка: 39
=================
[2017-09-07 19:44:08] Текст ошибки: Страница не найдена | Файл: D:\WebServer\domains\ishop2.loc\vendor\ishop\core\Router.php | Строка: 39
=================
[2017-09-07 19:44:08] Текст ошибки: Страница не найдена | Файл: D:\WebServer\domains\ishop2.loc\vendor\ishop\core\Router.php | Строка: 39
=================
[2017-09-07 19:44:08] Текст ошибки: Страница не найдена | Файл: D:\WebServer\domains\ishop2.loc\vendor\ishop\core\Router.php | Строка: 39
=================
[2017-09-07 19:44:08] Текст ошибки: Страница не найдена | Файл: D:\WebServer\domains\ishop2.loc\vendor\ishop\core\Router.php | Строка: 39
=================
[2017-09-07 19:44:08] Текст ошибки: Страница не найдена | Файл: D:\WebServer\domains\ishop2.loc\vendor\ishop\core\Router.php | Строка: 39
=================
[2017-09-07 19:44:08] Текст ошибки: Страница не найдена | Файл: D:\WebServer\domains\ishop2.loc\vendor\ishop\core\Router.php | Строка: 39
=================
[2017-09-07 19:44:08] Текст ошибки: Страница не найдена | Файл: D:\WebServer\domains\ishop2.loc\vendor\ishop\core\Router.php | Строка: 39
=================
[2017-09-07 19:44:08] Текст ошибки: Страница не найдена | Файл: D:\WebServer\domains\ishop2.loc\vendor\ishop\core\Router.php | Строка: 39
=================
[2017-09-07 19:44:08] Текст ошибки: Страница не найдена | Файл: D:\WebServer\domains\ishop2.loc\vendor\ishop\core\Router.php | Строка: 39
=================
[2017-09-07 19:44:08] Текст ошибки: Страница не найдена | Файл: D:\WebServer\domains\ishop2.loc\vendor\ishop\core\Router.php | Строка: 39
=================
[2017-09-07 19:44:08] Текст ошибки: Страница не найдена | Файл: D:\WebServer\domains\ishop2.loc\vendor\ishop\core\Router.php | Строка: 39
=================
[2017-09-07 19:44:08] Текст ошибки: Страница не найдена | Файл: D:\WebServer\domains\ishop2.loc\vendor\ishop\core\Router.php | Строка: 39
=================
[2017-09-07 19:44:08] Текст ошибки: Страница не найдена | Файл: D:\WebServer\domains\ishop2.loc\vendor\ishop\core\Router.php | Строка: 39
=================
[2017-09-07 19:44:08] Текст ошибки: Страница не найдена | Файл: D:\WebServer\domains\ishop2.loc\vendor\ishop\core\Router.php | Строка: 39
=================
[2017-09-07 19:44:08] Текст ошибки: Страница не найдена | Файл: D:\WebServer\domains\ishop2.loc\vendor\ishop\core\Router.php | Строка: 39
=================
[2017-09-07 19:44:08] Текст ошибки: Страница не найдена | Файл: D:\WebServer\domains\ishop2.loc\vendor\ishop\core\Router.php | Строка: 39
=================
[2017-09-07 19:44:08] Текст ошибки: Страница не найдена | Файл: D:\WebServer\domains\ishop2.loc\vendor\ishop\core\Router.php | Строка: 39
=================
[2017-09-07 19:44:08] Текст ошибки: Страница не найдена | Файл: D:\WebServer\domains\ishop2.loc\vendor\ishop\core\Router.php | Строка: 39
=================
[2017-09-07 19:44:08] Текст ошибки: Страница не найдена | Файл: D:\WebServer\domains\ishop2.loc\vendor\ishop\core\Router.php | Строка: 39
=================
[2017-09-07 19:44:08] Текст ошибки: Страница не найдена | Файл: D:\WebServer\domains\ishop2.loc\vendor\ishop\core\Router.php | Строка: 39
=================
[2017-09-07 19:44:08] Текст ошибки: Страница не найдена | Файл: D:\WebServer\domains\ishop2.loc\vendor\ishop\core\Router.php | Строка: 39
=================
[2017-09-07 19:44:08] Текст ошибки: Страница не найдена | Файл: D:\WebServer\domains\ishop2.loc\vendor\ishop\core\Router.php | Строка: 39
=================
[2017-09-07 19:44:08] Текст ошибки: Страница не найдена | Файл: D:\WebServer\domains\ishop2.loc\vendor\ishop\core\Router.php | Строка: 39
=================
[2017-09-07 19:44:08] Текст ошибки: Страница не найдена | Файл: D:\WebServer\domains\ishop2.loc\vendor\ishop\core\Router.php | Строка: 39
=================
[2017-09-07 19:44:08] Текст ошибки: Страница не найдена | Файл: D:\WebServer\domains\ishop2.loc\vendor\ishop\core\Router.php | Строка: 39
=================
[2017-09-07 19:44:08] Текст ошибки: Страница не найдена | Файл: D:\WebServer\domains\ishop2.loc\vendor\ishop\core\Router.php | Строка: 39
=================
[2017-09-07 19:44:09] Текст ошибки: Страница не найдена | Файл: D:\WebServer\domains\ishop2.loc\vendor\ishop\core\Router.php | Строка: 39
=================
[2017-09-07 19:44:09] Текст ошибки: Страница не найдена | Файл: D:\WebServer\domains\ishop2.loc\vendor\ishop\core\Router.php | Строка: 39
=================
[2017-09-07 19:44:09] Текст ошибки: Страница не найдена | Файл: D:\WebServer\domains\ishop2.loc\vendor\ishop\core\Router.php | Строка: 39
=================
[2017-09-09 08:25:55] Текст ошибки: Страница не найдена | Файл: D:\WebServer\domains\ishop2.loc\vendor\ishop\core\Router.php | Строка: 39
=================
[2017-09-09 08:25:55] Текст ошибки: Страница не найдена | Файл: D:\WebServer\domains\ishop2.loc\vendor\ishop\core\Router.php | Строка: 39
=================
[2017-09-09 08:29:04] Текст ошибки: Страница не найдена | Файл: D:\WebServer\domains\ishop2.loc\vendor\ishop\core\Router.php | Строка: 39
=================
[2017-09-09 08:53:54] Текст ошибки: Страница не найдена | Файл: D:\WebServer\domains\ishop2.loc\vendor\ishop\core\Router.php | Строка: 39
=================
[2017-09-09 08:53:54] Текст ошибки: Страница не найдена | Файл: D:\WebServer\domains\ishop2.loc\vendor\ishop\core\Router.php | Строка: 39
=================
[2017-09-09 08:53:54] Текст ошибки: Страница не найдена | Файл: D:\WebServer\domains\ishop2.loc\vendor\ishop\core\Router.php | Строка: 39
=================
[2017-09-09 08:53:54] Текст ошибки: Страница не найдена | Файл: D:\WebServer\domains\ishop2.loc\vendor\ishop\core\Router.php | Строка: 39
=================
[2017-09-09 08:53:54] Текст ошибки: Страница не найдена | Файл: D:\WebServer\domains\ishop2.loc\vendor\ishop\core\Router.php | Строка: 39
=================
[2017-09-09 08:55:43] Текст ошибки: Страница не найдена | Файл: D:\WebServer\domains\ishop2.loc\vendor\ishop\core\Router.php | Строка: 39
=================
[2017-09-09 08:55:43] Текст ошибки: Страница не найдена | Файл: D:\WebServer\domains\ishop2.loc\vendor\ishop\core\Router.php | Строка: 39
=================
[2017-09-09 08:55:43] Текст ошибки: Страница не найдена | Файл: D:\WebServer\domains\ishop2.loc\vendor\ishop\core\Router.php | Строка: 39
=================
[2017-09-09 08:55:43] Текст ошибки: Страница не найдена | Файл: D:\WebServer\domains\ishop2.loc\vendor\ishop\core\Router.php | Строка: 39
=================
[2017-09-09 08:55:44] Текст ошибки: Страница не найдена | Файл: D:\WebServer\domains\ishop2.loc\vendor\ishop\core\Router.php | Строка: 39
=================
[2017-09-09 09:05:33] Текст ошибки: Контроллер app\controllers\admin\OrderController не найден | Файл: D:\WebServer\domains\ishop2.loc\vendor\ishop\core\Router.php | Строка: 36
=================
[2017-09-09 09:17:47] Текст ошибки: Контроллер app\controllers\admin\OrderController не найден | Файл: D:\WebServer\domains\ishop2.loc\vendor\ishop\core\Router.php | Строка: 36
=================
[2017-09-09 09:17:53] Текст ошибки: Контроллер app\controllers\admin\OrderController не найден | Файл: D:\WebServer\domains\ishop2.loc\vendor\ishop\core\Router.php | Строка: 36
=================
[2017-09-09 11:34:53] Текст ошибки: Страница не найдена | Файл: D:\WebServer\domains\ishop2.loc\vendor\ishop\core\Router.php | Строка: 39
=================
[2017-09-09 11:34:53] Текст ошибки: Страница не найдена | Файл: D:\WebServer\domains\ishop2.loc\vendor\ishop\core\Router.php | Строка: 39
=================
[2017-09-09 11:36:56] Текст ошибки: Метод app\controllers\admin\OrderController::viewAction не найден | Файл: D:\WebServer\domains\ishop2.loc\vendor\ishop\core\Router.php | Строка: 33
=================
[2017-09-09 11:42:31] Текст ошибки: Страница не найдена | Файл: D:\WebServer\domains\ishop2.loc\app\controllers\admin\AppController.php | Строка: 29
=================
[2017-09-09 12:28:34] Текст ошибки: Метод app\controllers\admin\OrderController::deleteAction не найден | Файл: D:\WebServer\domains\ishop2.loc\vendor\ishop\core\Router.php | Строка: 33
=================
[2017-09-09 14:04:55] Текст ошибки: Страница не найдена | Файл: D:\WebServer\domains\ishop2.loc\vendor\ishop\core\Router.php | Строка: 39
=================
[2017-09-09 14:04:55] Текст ошибки: Страница не найдена | Файл: D:\WebServer\domains\ishop2.loc\vendor\ishop\core\Router.php | Строка: 39
=================
[2017-09-09 15:37:39] Текст ошибки: Страница не найдена | Файл: D:\WebServer\domains\ishop2.loc\vendor\ishop\core\Router.php | Строка: 39
=================
[2017-09-09 15:37:39] Текст ошибки: Страница не найдена | Файл: D:\WebServer\domains\ishop2.loc\vendor\ishop\core\Router.php | Строка: 39
=================
[2017-09-10 08:58:27] Текст ошибки: Страница не найдена | Файл: D:\WebServer\domains\ishop2.loc\vendor\ishop\core\Router.php | Строка: 39
=================
[2017-09-10 08:58:27] Текст ошибки: Страница не найдена | Файл: D:\WebServer\domains\ishop2.loc\vendor\ishop\core\Router.php | Строка: 39
=================
[2017-09-10 09:55:00] Текст ошибки: SQLSTATE[42000]: Syntax error or access violation: 1064 You have an error in your SQL syntax; check the manual that corresponds to your MySQL server version for the right syntax to use near '(SUM(`order_product`.`price`), 2) AS `sum` FROM `order`
  JOIN `order_product` ' at line 1 | Файл: D:\WebServer\domains\ishop2.loc\vendor\gabordemooij\redbean\RedBeanPHP\Driver\RPDO.php | Строка: 186
=================
[2017-09-10 11:39:55] Текст ошибки: Страница не найдена | Файл: D:\WebServer\domains\ishop2.loc\vendor\ishop\core\Router.php | Строка: 39
=================
[2017-09-10 15:34:36] Текст ошибки: Страница не найдена | Файл: D:\WebServer\domains\ishop2.loc\vendor\ishop\core\Router.php | Строка: 39
=================
[2017-09-10 15:34:36] Текст ошибки: Страница не найдена | Файл: D:\WebServer\domains\ishop2.loc\vendor\ishop\core\Router.php | Строка: 39
=================
[2017-09-11 18:56:22] Текст ошибки: Страница не найдена | Файл: D:\WebServer\domains\ishop2.loc\vendor\ishop\core\Router.php | Строка: 39
=================
[2017-09-11 19:01:40] Текст ошибки: SQLSTATE[23000]: Integrity constraint violation: 1062 Duplicate entry '' for key 'alias' | Файл: D:\WebServer\domains\ishop2.loc\vendor\gabordemooij\redbean\RedBeanPHP\Driver\RPDO.php | Строка: 186
=================
[2017-09-11 19:18:45] Текст ошибки: Страница не найдена | Файл: D:\WebServer\domains\ishop2.loc\vendor\ishop\core\Router.php | Строка: 39
=================
[2017-09-11 19:46:18] Текст ошибки: Страница не найдена | Файл: D:\WebServer\domains\ishop2.loc\vendor\ishop\core\Router.php | Строка: 39
=================
[2017-09-12 19:13:23] Текст ошибки: Страница не найдена | Файл: D:\WebServer\domains\ishop2.loc\vendor\ishop\core\Router.php | Строка: 39
=================
[2017-09-12 19:13:24] Текст ошибки: Страница не найдена | Файл: D:\WebServer\domains\ishop2.loc\vendor\ishop\core\Router.php | Строка: 39
=================
[2017-09-12 19:34:52] Текст ошибки: Метод app\controllers\admin\ProductController::relatedProductAction не найден | Файл: D:\WebServer\domains\ishop2.loc\vendor\ishop\core\Router.php | Строка: 33
=================
[2017-09-12 19:36:37] Текст ошибки: Метод app\controllers\admin\ProductController::relatedProductAction не найден | Файл: D:\WebServer\domains\ishop2.loc\vendor\ishop\core\Router.php | Строка: 33
=================
[2017-09-12 19:36:40] Текст ошибки: Метод app\controllers\admin\ProductController::relatedProductAction не найден | Файл: D:\WebServer\domains\ishop2.loc\vendor\ishop\core\Router.php | Строка: 33
=================
[2017-09-12 19:36:49] Текст ошибки: Метод app\controllers\admin\ProductController::relatedProductAction не найден | Файл: D:\WebServer\domains\ishop2.loc\vendor\ishop\core\Router.php | Строка: 33
=================
[2017-09-12 19:37:08] Текст ошибки: Метод app\controllers\admin\ProductController::relatedProductAction не найден | Файл: D:\WebServer\domains\ishop2.loc\vendor\ishop\core\Router.php | Строка: 33
=================
[2017-09-12 19:37:21] Текст ошибки: Метод app\controllers\admin\ProductController::relatedProductAction не найден | Файл: D:\WebServer\domains\ishop2.loc\vendor\ishop\core\Router.php | Строка: 33
=================
[2017-09-12 19:37:42] Текст ошибки: Метод app\controllers\admin\ProductController::relatedProductAction не найден | Файл: D:\WebServer\domains\ishop2.loc\vendor\ishop\core\Router.php | Строка: 33
=================
[2017-09-13 18:35:25] Текст ошибки: Страница не найдена | Файл: D:\WebServer\domains\ishop2.loc\vendor\ishop\core\Router.php | Строка: 39
=================
[2017-09-13 18:35:25] Текст ошибки: Страница не найдена | Файл: D:\WebServer\domains\ishop2.loc\vendor\ishop\core\Router.php | Строка: 39
=================
[2017-09-13 19:00:45] Текст ошибки: Страница не найдена | Файл: D:\WebServer\domains\ishop2.loc\vendor\ishop\core\Router.php | Строка: 39
=================
[2017-09-13 19:00:45] Текст ошибки: Страница не найдена | Файл: D:\WebServer\domains\ishop2.loc\vendor\ishop\core\Router.php | Строка: 39
=================
[2017-09-13 19:00:45] Текст ошибки: Страница не найдена | Файл: D:\WebServer\domains\ishop2.loc\vendor\ishop\core\Router.php | Строка: 39
=================
[2017-09-13 19:00:45] Текст ошибки: Страница не найдена | Файл: D:\WebServer\domains\ishop2.loc\vendor\ishop\core\Router.php | Строка: 39
=================
[2017-09-13 19:00:45] Текст ошибки: Страница не найдена | Файл: D:\WebServer\domains\ishop2.loc\vendor\ishop\core\Router.php | Строка: 39
=================
[2017-09-13 19:00:45] Текст ошибки: Страница не найдена | Файл: D:\WebServer\domains\ishop2.loc\vendor\ishop\core\Router.php | Строка: 39
=================
[2017-09-13 19:00:45] Текст ошибки: Страница не найдена | Файл: D:\WebServer\domains\ishop2.loc\vendor\ishop\core\Router.php | Строка: 39
=================
[2017-09-13 19:00:45] Текст ошибки: Страница не найдена | Файл: D:\WebServer\domains\ishop2.loc\vendor\ishop\core\Router.php | Строка: 39
=================
[2017-09-13 19:05:22] Текст ошибки: Метод app\controllers\admin\ProductController::addImageAction не найден | Файл: D:\WebServer\domains\ishop2.loc\vendor\ishop\core\Router.php | Строка: 33
=================
[2017-09-13 19:05:53] Текст ошибки: Метод app\controllers\admin\ProductController::addImageAction не найден | Файл: D:\WebServer\domains\ishop2.loc\vendor\ishop\core\Router.php | Строка: 33
=================
[2017-09-13 19:07:33] Текст ошибки: На найден вид D:\WebServer\domains\ishop2.loc/app/views/admin\Product/add-image.php | Файл: D:\WebServer\domains\ishop2.loc\vendor\ishop\core\base\View.php | Строка: 38
=================
[2017-09-16 11:06:59] Текст ошибки: Страница не найдена | Файл: D:\WebServer\domains\ishop2.loc\vendor\ishop\core\Router.php | Строка: 39
=================
[2017-09-16 11:06:59] Текст ошибки: Страница не найдена | Файл: D:\WebServer\domains\ishop2.loc\vendor\ishop\core\Router.php | Строка: 39
=================
[2017-09-16 11:59:22] Текст ошибки: Страница не найдена | Файл: D:\WebServer\domains\ishop2.loc\app\controllers\admin\AppController.php | Строка: 29
=================
[2017-09-16 11:59:51] Текст ошибки: Страница не найдена | Файл: D:\WebServer\domains\ishop2.loc\app\controllers\admin\AppController.php | Строка: 29
=================
[2017-09-16 12:17:25] Текст ошибки: Страница не найдена | Файл: D:\WebServer\domains\ishop2.loc\app\controllers\ProductController.php | Строка: 14
=================
[2017-09-16 12:17:29] Текст ошибки: Страница не найдена | Файл: D:\WebServer\domains\ishop2.loc\app\controllers\ProductController.php | Строка: 14
=================
[2017-09-16 12:17:58] Текст ошибки: Страница не найдена | Файл: D:\WebServer\domains\ishop2.loc\app\controllers\ProductController.php | Строка: 14
=================
[2017-09-16 12:33:58] Текст ошибки: Страница не найдена | Файл: D:\WebServer\domains\ishop2.loc\app\controllers\ProductController.php | Строка: 14
=================
[2017-09-16 12:34:10] Текст ошибки: Страница не найдена | Файл: D:\WebServer\domains\ishop2.loc\app\controllers\ProductController.php | Строка: 14
=================
[2017-09-16 14:33:17] Текст ошибки: Страница не найдена | Файл: D:\WebServer\domains\ishop2.loc\vendor\ishop\core\Router.php | Строка: 39
=================
[2017-09-16 14:33:17] Текст ошибки: Страница не найдена | Файл: D:\WebServer\domains\ishop2.loc\vendor\ishop\core\Router.php | Строка: 39
=================
[2017-09-16 15:00:10] Текст ошибки: Invalid type: attribute_group | Файл: D:\WebServer\domains\ishop2.loc\vendor\gabordemooij\redbean\RedBeanPHP\Util\DispenseHelper.php | Строка: 37
=================
[2017-09-16 15:06:26] Текст ошибки: Plugin 'xdispense' does not exist, add this plugin using: R::ext('xdispense') | Файл: D:\WebServer\domains\ishop2.loc\vendor\gabordemooij\redbean\RedBeanPHP\Facade.php | Строка: 2004
=================
[2017-09-16 15:12:41] Текст ошибки: На найден вид D:\WebServer\domains\ishop2.loc/app/views/admin\Filter/attribute.php | Файл: D:\WebServer\domains\ishop2.loc\vendor\ishop\core\base\View.php | Строка: 38
=================
[2017-09-16 15:12:47] Текст ошибки: На найден вид D:\WebServer\domains\ishop2.loc/app/views/admin\Filter/attribute.php | Файл: D:\WebServer\domains\ishop2.loc\vendor\ishop\core\base\View.php | Строка: 38
=================
[2017-09-16 18:15:24] Текст ошибки: Страница не найдена | Файл: D:\WebServer\domains\ishop2.loc\vendor\ishop\core\Router.php | Строка: 39
=================
[2017-09-16 18:47:39] Текст ошибки: Метод app\controllers\admin\ProductController::deleteAction не найден | Файл: D:\WebServer\domains\ishop2.loc\vendor\ishop\core\Router.php | Строка: 33
=================
[2022-10-13 21:16:20] Текст ошибки: SQLSTATE[42S02]: Base table or view not found: 1146 Table 'ishop2.brand' doesn't exist | Файл: C:\OpenServer\domains\localhost\vendor\gabordemooij\redbean\RedBeanPHP\Driver\RPDO.php | Строка: 186
=================
[2022-10-25 15:33:21] Текст ошибки: SQLSTATE[01000]: Warning: 1265 Data truncated for column 'status' at row 1 | Файл: C:\OpenServer\domains\localhost\vendor\gabordemooij\redbean\RedBeanPHP\Driver\RPDO.php | Строка: 186
=================
[2022-10-25 15:42:48] Текст ошибки: SQLSTATE[01000]: Warning: 1265 Data truncated for column 'status' at row 1 | Файл: C:\OpenServer\domains\localhost\vendor\gabordemooij\redbean\RedBeanPHP\Driver\RPDO.php | Строка: 206
=================
[2022-10-25 15:42:55] Текст ошибки: SQLSTATE[01000]: Warning: 1265 Data truncated for column 'status' at row 1 | Файл: C:\OpenServer\domains\localhost\vendor\gabordemooij\redbean\RedBeanPHP\Driver\RPDO.php | Строка: 206
=================
[2022-10-25 15:43:04] Текст ошибки: SQLSTATE[01000]: Warning: 1265 Data truncated for column 'status' at row 1 | Файл: C:\OpenServer\domains\localhost\vendor\gabordemooij\redbean\RedBeanPHP\Driver\RPDO.php | Строка: 206
=================
[2022-10-25 15:45:48] Текст ошибки: Нет соединения с БД | Файл: C:\OpenServer\domains\localhost\vendor\ishop\core\Db.php | Строка: 14
=================
[2022-10-25 15:45:49] Текст ошибки: Нет соединения с БД | Файл: C:\OpenServer\domains\localhost\vendor\ishop\core\Db.php | Строка: 14
=================
[2022-10-25 15:45:51] Текст ошибки: Нет соединения с БД | Файл: C:\OpenServer\domains\localhost\vendor\ishop\core\Db.php | Строка: 14
=================
[2022-10-25 15:46:29] Текст ошибки: SQLSTATE[01000]: Warning: 1265 Data truncated for column 'status' at row 1 | Файл: C:\OpenServer\domains\localhost\vendor\gabordemooij\redbean\RedBeanPHP\Driver\RPDO.php | Строка: 206
=================
[2022-10-25 15:47:32] Текст ошибки: SQLSTATE[23000]: Integrity constraint violation: 1062 Duplicate entry '' for key 'product.alias' | Файл: C:\OpenServer\domains\localhost\vendor\gabordemooij\redbean\RedBeanPHP\Driver\RPDO.php | Строка: 206
=================
[2022-10-25 15:47:35] Текст ошибки: SQLSTATE[23000]: Integrity constraint violation: 1062 Duplicate entry '' for key 'product.alias' | Файл: C:\OpenServer\domains\localhost\vendor\gabordemooij\redbean\RedBeanPHP\Driver\RPDO.php | Строка: 206
=================
[2022-10-25 15:47:35] Текст ошибки: SQLSTATE[23000]: Integrity constraint violation: 1062 Duplicate entry '' for key 'product.alias' | Файл: C:\OpenServer\domains\localhost\vendor\gabordemooij\redbean\RedBeanPHP\Driver\RPDO.php | Строка: 206
=================
[2022-10-25 15:48:32] Текст ошибки: SQLSTATE[01000]: Warning: 1265 Data truncated for column 'status' at row 1 | Файл: C:\OpenServer\domains\localhost\vendor\gabordemooij\redbean\RedBeanPHP\Driver\RPDO.php | Строка: 206
=================
[2022-10-25 15:50:58] Текст ошибки: SQLSTATE[01000]: Warning: 1265 Data truncated for column 'hit' at row 1 | Файл: C:\OpenServer\domains\localhost\vendor\gabordemooij\redbean\RedBeanPHP\Driver\RPDO.php | Строка: 206
=================
[2022-10-25 15:51:14] Текст ошибки: SQLSTATE[01000]: Warning: 1265 Data truncated for column 'status' at row 1 | Файл: C:\OpenServer\domains\localhost\vendor\gabordemooij\redbean\RedBeanPHP\Driver\RPDO.php | Строка: 206
=================
[2022-10-25 16:03:55] Текст ошибки: SQLSTATE[01000]: Warning: 1265 Data truncated for column 'old_price' at row 1 | Файл: C:\OpenServer\domains\localhost\vendor\gabordemooij\redbean\RedBeanPHP\Driver\RPDO.php | Строка: 206
=================
[2022-10-25 16:04:15] Текст ошибки: SQLSTATE[HY000]: General error: 1364 Field 'brand_id' doesn't have a default value | Файл: C:\OpenServer\domains\localhost\vendor\gabordemooij\redbean\RedBeanPHP\Driver\RPDO.php | Строка: 206
=================
[2022-10-25 16:04:35] Текст ошибки: SQLSTATE[HY000]: General error: 1364 Field 'brand_id' doesn't have a default value | Файл: C:\OpenServer\domains\localhost\vendor\gabordemooij\redbean\RedBeanPHP\Driver\RPDO.php | Строка: 206
=================
[2022-10-25 16:05:38] Текст ошибки: SQLSTATE[HY000]: General error: 1364 Field 'brand_id' doesn't have a default value | Файл: C:\OpenServer\domains\localhost\vendor\gabordemooij\redbean\RedBeanPHP\Driver\RPDO.php | Строка: 206
=================
[2022-10-25 16:14:12] Текст ошибки: SQLSTATE[23000]: Integrity constraint violation: 1062 Duplicate entry '' for key 'product.alias' | Файл: C:\OpenServer\domains\localhost\vendor\gabordemooij\redbean\RedBeanPHP\Driver\RPDO.php | Строка: 206
=================
[2022-10-25 16:17:52] Текст ошибки: SQLSTATE[23000]: Integrity constraint violation: 1062 Duplicate entry '' for key 'product.alias' | Файл: C:\OpenServer\domains\localhost\vendor\gabordemooij\redbean\RedBeanPHP\Driver\RPDO.php | Строка: 206
=================
[2022-10-25 16:20:56] Текст ошибки: SQLSTATE[23000]: Integrity constraint violation: 1062 Duplicate entry '' for key 'product.alias' | Файл: C:\OpenServer\domains\localhost\vendor\gabordemooij\redbean\RedBeanPHP\Driver\RPDO.php | Строка: 206
=================
[2022-10-25 16:21:04] Текст ошибки: SQLSTATE[01000]: Warning: 1265 Data truncated for column 'status' at row 1 | Файл: C:\OpenServer\domains\localhost\vendor\gabordemooij\redbean\RedBeanPHP\Driver\RPDO.php | Строка: 206
=================
[2022-10-25 16:35:03] Текст ошибки: SQLSTATE[01000]: Warning: 1265 Data truncated for column 'hit' at row 1 | Файл: C:\OpenServer\domains\localhost\vendor\gabordemooij\redbean\RedBeanPHP\Driver\RPDO.php | Строка: 206
=================
[2022-10-25 16:35:09] Текст ошибки: SQLSTATE[01000]: Warning: 1265 Data truncated for column 'status' at row 1 | Файл: C:\OpenServer\domains\localhost\vendor\gabordemooij\redbean\RedBeanPHP\Driver\RPDO.php | Строка: 206
=================
[2022-10-25 16:40:46] Текст ошибки: SQLSTATE[01000]: Warning: 1265 Data truncated for column 'status' at row 1 | Файл: C:\OpenServer\domains\localhost\vendor\gabordemooij\redbean\RedBeanPHP\Driver\RPDO.php | Строка: 206
=================
[2022-10-25 16:48:23] Текст ошибки: SQLSTATE[01000]: Warning: 1265 Data truncated for column 'status' at row 1 | Файл: C:\OpenServer\domains\localhost\vendor\gabordemooij\redbean\RedBeanPHP\Driver\RPDO.php | Строка: 206
=================
[2022-10-25 16:53:56] Текст ошибки: SQLSTATE[01000]: Warning: 1265 Data truncated for column 'hit' at row 1 | Файл: C:\OpenServer\domains\localhost\vendor\gabordemooij\redbean\RedBeanPHP\Driver\RPDO.php | Строка: 206
=================
[2022-10-25 16:54:01] Текст ошибки: SQLSTATE[01000]: Warning: 1265 Data truncated for column 'status' at row 1 | Файл: C:\OpenServer\domains\localhost\vendor\gabordemooij\redbean\RedBeanPHP\Driver\RPDO.php | Строка: 206
=================
[2022-10-25 16:54:14] Текст ошибки: SQLSTATE[01000]: Warning: 1265 Data truncated for column 'status' at row 1 | Файл: C:\OpenServer\domains\localhost\vendor\gabordemooij\redbean\RedBeanPHP\Driver\RPDO.php | Строка: 206
=================
[2022-10-25 16:56:13] Текст ошибки: SQLSTATE[01000]: Warning: 1265 Data truncated for column 'status' at row 1 | Файл: C:\OpenServer\domains\localhost\vendor\gabordemooij\redbean\RedBeanPHP\Driver\RPDO.php | Строка: 206
=================
[2022-10-25 17:02:53] Текст ошибки: SQLSTATE[01000]: Warning: 1265 Data truncated for column 'status' at row 1 | Файл: C:\OpenServer\domains\localhost\vendor\gabordemooij\redbean\RedBeanPHP\Driver\RPDO.php | Строка: 206
=================
[2022-10-25 17:03:19] Текст ошибки: SQLSTATE[01000]: Warning: 1265 Data truncated for column 'status' at row 1 | Файл: C:\OpenServer\domains\localhost\vendor\gabordemooij\redbean\RedBeanPHP\Driver\RPDO.php | Строка: 206
=================
[2022-10-25 17:03:24] Текст ошибки: SQLSTATE[01000]: Warning: 1265 Data truncated for column 'hit' at row 1 | Файл: C:\OpenServer\domains\localhost\vendor\gabordemooij\redbean\RedBeanPHP\Driver\RPDO.php | Строка: 206
=================
[2022-10-25 17:03:28] Текст ошибки: SQLSTATE[01000]: Warning: 1265 Data truncated for column 'status' at row 1 | Файл: C:\OpenServer\domains\localhost\vendor\gabordemooij\redbean\RedBeanPHP\Driver\RPDO.php | Строка: 206
=================
[2022-10-25 17:04:05] Текст ошибки: SQLSTATE[01000]: Warning: 1265 Data truncated for column 'status' at row 1 | Файл: C:\OpenServer\domains\localhost\vendor\gabordemooij\redbean\RedBeanPHP\Driver\RPDO.php | Строка: 206
=================
[2022-10-25 17:14:10] Текст ошибки: SQLSTATE[01000]: Warning: 1265 Data truncated for column 'status' at row 1 | Файл: C:\OpenServer\domains\localhost\vendor\gabordemooij\redbean\RedBeanPHP\Driver\RPDO.php | Строка: 206
=================
[2022-10-25 17:15:32] Текст ошибки: SQLSTATE[01000]: Warning: 1265 Data truncated for column 'hit' at row 1 | Файл: C:\OpenServer\domains\localhost\vendor\gabordemooij\redbean\RedBeanPHP\Driver\RPDO.php | Строка: 206
=================
[2022-10-25 17:15:39] Текст ошибки: SQLSTATE[23000]: Integrity constraint violation: 1062 Duplicate entry '' for key 'product.alias' | Файл: C:\OpenServer\domains\localhost\vendor\gabordemooij\redbean\RedBeanPHP\Driver\RPDO.php | Строка: 206
=================
[2022-10-25 17:18:12] Текст ошибки: SQLSTATE[23000]: Integrity constraint violation: 1062 Duplicate entry '' for key 'product.alias' | Файл: C:\OpenServer\domains\localhost\vendor\gabordemooij\redbean\RedBeanPHP\Driver\RPDO.php | Строка: 206
=================
[2022-10-25 17:19:15] Текст ошибки: SQLSTATE[23000]: Integrity constraint violation: 1062 Duplicate entry '' for key 'product.alias' | Файл: C:\OpenServer\domains\localhost\vendor\gabordemooij\redbean\RedBeanPHP\Driver\RPDO.php | Строка: 206
=================
[2022-10-25 17:19:33] Текст ошибки: SQLSTATE[23000]: Integrity constraint violation: 1062 Duplicate entry '' for key 'product.alias' | Файл: C:\OpenServer\domains\localhost\vendor\gabordemooij\redbean\RedBeanPHP\Driver\RPDO.php | Строка: 206
=================
[2022-10-25 17:22:01] Текст ошибки: SQLSTATE[23000]: Integrity constraint violation: 1062 Duplicate entry '' for key 'product.alias' | Файл: C:\OpenServer\domains\localhost\vendor\gabordemooij\redbean\RedBeanPHP\Driver\RPDO.php | Строка: 206
=================
[2022-10-25 17:25:48] Текст ошибки: SQLSTATE[01000]: Warning: 1265 Data truncated for column 'status' at row 1 | Файл: C:\OpenServer\domains\localhost\vendor\gabordemooij\redbean\RedBeanPHP\Driver\RPDO.php | Строка: 206
=================
[2022-10-25 17:25:53] Текст ошибки: SQLSTATE[01000]: Warning: 1265 Data truncated for column 'hit' at row 1 | Файл: C:\OpenServer\domains\localhost\vendor\gabordemooij\redbean\RedBeanPHP\Driver\RPDO.php | Строка: 206
=================
[2022-10-25 17:26:00] Текст ошибки: SQLSTATE[01000]: Warning: 1265 Data truncated for column 'status' at row 1 | Файл: C:\OpenServer\domains\localhost\vendor\gabordemooij\redbean\RedBeanPHP\Driver\RPDO.php | Строка: 206
=================
[2022-10-25 17:26:28] Текст ошибки: SQLSTATE[01000]: Warning: 1265 Data truncated for column 'status' at row 1 | Файл: C:\OpenServer\domains\localhost\vendor\gabordemooij\redbean\RedBeanPHP\Driver\RPDO.php | Строка: 206
=================
[2022-10-25 22:18:25] Текст ошибки: SQLSTATE[01000]: Warning: 1265 Data truncated for column 'status' at row 1 | Файл: C:\OpenServer\domains\localhost\vendor\gabordemooij\redbean\RedBeanPHP\Driver\RPDO.php | Строка: 206
=================
[2022-10-25 22:25:51] Текст ошибки: SQLSTATE[01000]: Warning: 1265 Data truncated for column 'hit' at row 1 | Файл: C:\OpenServer\domains\localhost\vendor\gabordemooij\redbean\RedBeanPHP\Driver\RPDO.php | Строка: 206
=================
[2022-10-25 22:25:55] Текст ошибки: SQLSTATE[01000]: Warning: 1265 Data truncated for column 'hit' at row 1 | Файл: C:\OpenServer\domains\localhost\vendor\gabordemooij\redbean\RedBeanPHP\Driver\RPDO.php | Строка: 206
=================
[2022-10-25 22:26:15] Текст ошибки: SQLSTATE[01000]: Warning: 1265 Data truncated for column 'status' at row 1 | Файл: C:\OpenServer\domains\localhost\vendor\gabordemooij\redbean\RedBeanPHP\Driver\RPDO.php | Строка: 206
=================
[2022-10-25 22:32:58] Текст ошибки: Failed to authenticate on SMTP server with username "testishop2@ukr.net" using 2 possible authenticators | Файл: C:\OpenServer\domains\localhost\vendor\swiftmailer\swiftmailer\lib\classes\Swift\Transport\Esmtp\AuthHandler.php | Строка: 181
=================
[2022-10-25 22:46:19] Текст ошибки: Страница не найдена | Файл: C:\OpenServer\domains\localhost\vendor\ishop\core\Router.php | Строка: 39
=================
[2022-10-25 23:04:09] Текст ошибки: SQLSTATE[01000]: Warning: 1265 Data truncated for column 'hit' at row 1 | Файл: C:\OpenServer\domains\localhost\vendor\gabordemooij\redbean\RedBeanPHP\Driver\RPDO.php | Строка: 206
=================
[2022-10-25 23:04:22] Текст ошибки: SQLSTATE[01000]: Warning: 1265 Data truncated for column 'status' at row 1 | Файл: C:\OpenServer\domains\localhost\vendor\gabordemooij\redbean\RedBeanPHP\Driver\RPDO.php | Строка: 206
=================
[2022-10-27 16:42:19] Текст ошибки: SQLSTATE[01000]: Warning: 1265 Data truncated for column 'hit' at row 1 | Файл: C:\OpenServer\domains\localhost\vendor\gabordemooij\redbean\RedBeanPHP\Driver\RPDO.php | Строка: 206
=================
[2022-10-27 16:42:24] Текст ошибки: SQLSTATE[01000]: Warning: 1265 Data truncated for column 'status' at row 1 | Файл: C:\OpenServer\domains\localhost\vendor\gabordemooij\redbean\RedBeanPHP\Driver\RPDO.php | Строка: 206
=================
[2022-10-27 16:45:45] Текст ошибки: SQLSTATE[23000]: Integrity constraint violation: 1062 Duplicate entry '' for key 'product.alias' | Файл: C:\OpenServer\domains\localhost\vendor\gabordemooij\redbean\RedBeanPHP\Driver\RPDO.php | Строка: 206
=================
[2022-10-27 16:46:26] Текст ошибки: SQLSTATE[23000]: Integrity constraint violation: 1062 Duplicate entry '' for key 'product.alias' | Файл: C:\OpenServer\domains\localhost\vendor\gabordemooij\redbean\RedBeanPHP\Driver\RPDO.php | Строка: 206
=================
[2022-10-27 16:51:03] Текст ошибки: SQLSTATE[01000]: Warning: 1265 Data truncated for column 'status' at row 1 | Файл: C:\OpenServer\domains\localhost\vendor\gabordemooij\redbean\RedBeanPHP\Driver\RPDO.php | Строка: 206
=================
[2022-10-28 10:57:12] Текст ошибки: SQLSTATE[23000]: Integrity constraint violation: 1062 Duplicate entry '' for key 'product.alias' | Файл: C:\OpenServer\domains\localhost\vendor\gabordemooij\redbean\RedBeanPHP\Driver\RPDO.php | Строка: 206
=================
[2022-10-28 10:57:17] Текст ошибки: SQLSTATE[01000]: Warning: 1265 Data truncated for column 'status' at row 1 | Файл: C:\OpenServer\domains\localhost\vendor\gabordemooij\redbean\RedBeanPHP\Driver\RPDO.php | Строка: 206
=================
[2022-10-28 10:59:04] Текст ошибки: SQLSTATE[01000]: Warning: 1265 Data truncated for column 'status' at row 1 | Файл: C:\OpenServer\domains\localhost\vendor\gabordemooij\redbean\RedBeanPHP\Driver\RPDO.php | Строка: 206
=================
[2022-10-28 21:09:58] Текст ошибки: Failed to authenticate on SMTP server with username "testishop2@ukr.net" using 2 possible authenticators | Файл: C:\OpenServer\domains\localhost\vendor\swiftmailer\swiftmailer\lib\classes\Swift\Transport\Esmtp\AuthHandler.php | Строка: 181
=================
[2022-10-28 21:11:10] Текст ошибки: SQLSTATE[01000]: Warning: 1265 Data truncated for column 'status' at row 1 | Файл: C:\OpenServer\domains\localhost\vendor\gabordemooij\redbean\RedBeanPHP\Driver\RPDO.php | Строка: 206
=================
[2022-10-28 21:12:46] Текст ошибки: SQLSTATE[01000]: Warning: 1265 Data truncated for column 'status' at row 1 | Файл: C:\OpenServer\domains\localhost\vendor\gabordemooij\redbean\RedBeanPHP\Driver\RPDO.php | Строка: 206
=================
[2022-10-28 21:13:12] Текст ошибки: SQLSTATE[01000]: Warning: 1265 Data truncated for column 'status' at row 1 | Файл: C:\OpenServer\domains\localhost\vendor\gabordemooij\redbean\RedBeanPHP\Driver\RPDO.php | Строка: 206
=================
[2022-10-28 21:14:53] Текст ошибки: SQLSTATE[01000]: Warning: 1265 Data truncated for column 'old_price' at row 1 | Файл: C:\OpenServer\domains\localhost\vendor\gabordemooij\redbean\RedBeanPHP\Driver\RPDO.php | Строка: 206
=================
[2022-11-07 11:43:45] Текст ошибки: Failed to authenticate on SMTP server with username "testishop2@ukr.net" using 2 possible authenticators | Файл: C:\OpenServer\domains\localhost\vendor\swiftmailer\swiftmailer\lib\classes\Swift\Transport\Esmtp\AuthHandler.php | Строка: 181
=================
[2022-11-07 11:45:03] Текст ошибки: SQLSTATE[01000]: Warning: 1265 Data truncated for column 'status' at row 1 | Файл: C:\OpenServer\domains\localhost\vendor\gabordemooij\redbean\RedBeanPHP\Driver\RPDO.php | Строка: 206
=================
[2022-11-07 11:45:36] Текст ошибки: SQLSTATE[01000]: Warning: 1265 Data truncated for column 'hit' at row 1 | Файл: C:\OpenServer\domains\localhost\vendor\gabordemooij\redbean\RedBeanPHP\Driver\RPDO.php | Строка: 206
=================
[2022-11-07 11:45:40] Текст ошибки: SQLSTATE[01000]: Warning: 1265 Data truncated for column 'status' at row 1 | Файл: C:\OpenServer\domains\localhost\vendor\gabordemooij\redbean\RedBeanPHP\Driver\RPDO.php | Строка: 206
=================
[2022-11-07 11:45:45] Текст ошибки: SQLSTATE[23000]: Integrity constraint violation: 1062 Duplicate entry '' for key 'product.alias' | Файл: C:\OpenServer\domains\localhost\vendor\gabordemooij\redbean\RedBeanPHP\Driver\RPDO.php | Строка: 206
=================
[2022-11-07 11:49:55] Текст ошибки: Call to a member function grep() on null | Файл: C:\OpenServer\domains\localhost\app\views\layouts\admin.php | Строка: 608
=================
[2022-11-07 11:49:57] Текст ошибки: SQLSTATE[23000]: Integrity constraint violation: 1062 Duplicate entry '' for key 'product.alias' | Файл: C:\OpenServer\domains\localhost\vendor\gabordemooij\redbean\RedBeanPHP\Driver\RPDO.php | Строка: 206
=================
[2022-11-07 11:49:59] Текст ошибки: Call to a member function grep() on null | Файл: C:\OpenServer\domains\localhost\app\views\layouts\admin.php | Строка: 608
=================
[2022-11-07 11:50:13] Текст ошибки: Страница не найдена | Файл: C:\OpenServer\domains\localhost\vendor\ishop\core\Router.php | Строка: 39
=================
[2022-11-07 11:51:16] Текст ошибки: Страница не найдена | Файл: C:\OpenServer\domains\localhost\vendor\ishop\core\Router.php | Строка: 39
=================
[2022-11-07 11:51:19] Текст ошибки: SQLSTATE[23000]: Integrity constraint violation: 1062 Duplicate entry '' for key 'product.alias' | Файл: C:\OpenServer\domains\localhost\vendor\gabordemooij\redbean\RedBeanPHP\Driver\RPDO.php | Строка: 206
=================
[2022-11-07 11:51:24] Текст ошибки: Страница не найдена | Файл: C:\OpenServer\domains\localhost\vendor\ishop\core\Router.php | Строка: 39
=================
[2022-11-07 11:52:13] Текст ошибки: Call to a member function grep() on null | Файл: C:\OpenServer\domains\localhost\app\views\layouts\admin.php | Строка: 608
=================
[2022-11-07 11:52:15] Текст ошибки: Страница не найдена | Файл: C:\OpenServer\domains\localhost\vendor\ishop\core\Router.php | Строка: 39
=================
[2022-11-07 11:52:28] Текст ошибки: Failed to authenticate on SMTP server with username "testishop2@ukr.net" using 2 possible authenticators | Файл: C:\OpenServer\domains\localhost\vendor\swiftmailer\swiftmailer\lib\classes\Swift\Transport\Esmtp\AuthHandler.php | Строка: 181
=================
[2022-11-07 12:03:07] Текст ошибки: Failed to authenticate on SMTP server with username "testishop2@ukr.net" using 2 possible authenticators | Файл: C:\OpenServer\domains\localhost\vendor\swiftmailer\swiftmailer\lib\classes\Swift\Transport\Esmtp\AuthHandler.php | Строка: 181
=================
[2022-11-07 12:06:10] Текст ошибки: Failed to authenticate on SMTP server with username "testishop2@ukr.net" using 2 possible authenticators | Файл: C:\OpenServer\domains\localhost\vendor\swiftmailer\swiftmailer\lib\classes\Swift\Transport\Esmtp\AuthHandler.php | Строка: 181
=================
[2022-11-07 12:34:50] Текст ошибки: Class 'Swift_SmtpTransport' not found | Файл: C:\OpenServer\domains\localhost\app\models\Order.php | Строка: 34
=================
[2022-11-07 12:35:07] Текст ошибки: Class 'Swift_SmtpTransport' not found | Файл: C:\OpenServer\domains\localhost\app\models\Order.php | Строка: 34
=================
[2022-11-07 12:51:34] Текст ошибки: Class 'Swift_SmtpTransport' not found | Файл: C:\OpenServer\domains\localhost\app\models\Order.php | Строка: 34
=================
[2022-11-07 12:58:21] Текст ошибки: SQLSTATE[23000]: Integrity constraint violation: 1062 Duplicate entry '' for key 'product.alias' | Файл: C:\OpenServer\domains\localhost\vendor\gabordemooij\redbean\RedBeanPHP\Driver\RPDO.php | Строка: 206
=================
[2022-11-07 13:21:16] Текст ошибки: SQLSTATE[23000]: Integrity constraint violation: 1062 Duplicate entry '' for key 'product.alias' | Файл: C:\OpenServer\domains\localhost\vendor\gabordemooij\redbean\RedBeanPHP\Driver\RPDO.php | Строка: 206
=================
[2022-11-09 17:55:56] Текст ошибки: Метод app\controllers\ProductController::indexAction не найден | Файл: C:\OpenServer\domains\localhost\vendor\ishop\core\Router.php | Строка: 33
=================
[2022-11-09 17:56:02] Текст ошибки: Метод app\controllers\ProductController::indexAction не найден | Файл: C:\OpenServer\domains\localhost\vendor\ishop\core\Router.php | Строка: 33
=================
[2022-11-09 17:56:07] Текст ошибки: Метод app\controllers\ProductController::indexAction не найден | Файл: C:\OpenServer\domains\localhost\vendor\ishop\core\Router.php | Строка: 33
=================
[2022-11-09 18:01:57] Текст ошибки: Метод app\controllers\ProductController::indexAction не найден | Файл: C:\OpenServer\domains\localhost\vendor\ishop\core\Router.php | Строка: 33
=================
[2022-11-09 18:02:00] Текст ошибки: Метод app\controllers\ProductController::indexAction не найден | Файл: C:\OpenServer\domains\localhost\vendor\ishop\core\Router.php | Строка: 33
=================
[2022-11-09 18:03:12] Текст ошибки: Метод app\controllers\ProductController::indexAction не найден | Файл: C:\OpenServer\domains\localhost\vendor\ishop\core\Router.php | Строка: 33
=================
[2022-11-09 18:05:42] Текст ошибки: Метод app\controllers\ProductController::indexAction не найден | Файл: C:\OpenServer\domains\localhost\vendor\ishop\core\Router.php | Строка: 33
=================
[2022-11-09 18:09:51] Текст ошибки: SQLSTATE[01000]: Warning: 1265 Data truncated for column 'old_price' at row 1 | Файл: C:\OpenServer\domains\localhost\vendor\gabordemooij\redbean\RedBeanPHP\Driver\RPDO.php | Строка: 206
=================
[2022-11-09 18:11:13] Текст ошибки: Метод app\controllers\admin\ProductController::deleteAction не найден | Файл: C:\OpenServer\domains\localhost\vendor\ishop\core\Router.php | Строка: 33
=================
[2022-11-09 18:12:40] Текст ошибки: Метод app\controllers\admin\ProductController::deleteAction не найден | Файл: C:\OpenServer\domains\localhost\vendor\ishop\core\Router.php | Строка: 33
=================
[2022-11-09 18:12:46] Текст ошибки: Метод app\controllers\admin\ProductController::deleteAction не найден | Файл: C:\OpenServer\domains\localhost\vendor\ishop\core\Router.php | Строка: 33
=================
[2022-11-09 18:12:52] Текст ошибки: Метод app\controllers\admin\ProductController::deleteAction не найден | Файл: C:\OpenServer\domains\localhost\vendor\ishop\core\Router.php | Строка: 33
=================
[2022-11-09 18:19:30] Текст ошибки: Метод app\controllers\admin\ProductController::deleteAction не найден | Файл: C:\OpenServer\domains\localhost\vendor\ishop\core\Router.php | Строка: 33
=================
[2022-11-09 19:14:05] Текст ошибки: Метод app\controllers\admin\ProductController::deleteAction не найден | Файл: C:\OpenServer\domains\localhost\vendor\ishop\core\Router.php | Строка: 33
=================
[2022-11-09 19:15:28] Текст ошибки: Метод app\controllers\admin\ProductController::deleteAction не найден | Файл: C:\OpenServer\domains\localhost\vendor\ishop\core\Router.php | Строка: 33
=================
[2022-11-09 19:30:37] Текст ошибки: Метод app\controllers\admin\ProductController::deleteAction не найден | Файл: C:\OpenServer\domains\localhost\vendor\ishop\core\Router.php | Строка: 33
=================
[2022-11-09 19:30:41] Текст ошибки: Метод app\controllers\ProductController::indexAction не найден | Файл: C:\OpenServer\domains\localhost\vendor\ishop\core\Router.php | Строка: 33
=================
[2022-11-09 19:31:09] Текст ошибки: Метод app\controllers\ProductController::indexAction не найден | Файл: C:\OpenServer\domains\localhost\vendor\ishop\core\Router.php | Строка: 33
=================
[2022-11-09 19:31:13] Текст ошибки: Страница не найдена | Файл: C:\OpenServer\domains\localhost\vendor\ishop\core\Router.php | Строка: 39
=================
[2022-11-09 19:34:32] Текст ошибки: Class 'Swift_SmtpTransport' not found | Файл: C:\OpenServer\domains\localhost\app\models\Order.php | Строка: 34
=================
[2022-11-15 00:23:17] Текст ошибки: SQLSTATE[01000]: Warning: 1265 Data truncated for column 'base' at row 1 | Файл: C:\OpenServer\domains\localhost\vendor\gabordemooij\redbean\RedBeanPHP\Driver\RPDO.php | Строка: 206
=================
[2022-11-20 00:45:21] Текст ошибки: Метод app\controllers\admin\ProductController::deleteAction не найден | Файл: C:\OpenServer\domains\localhost\vendor\ishop\core\Router.php | Строка: 33
=================
[2022-11-20 10:19:15] Текст ошибки: Страница не найдена | Файл: C:\OpenServer\domains\localhost\vendor\ishop\core\Router.php | Строка: 39
=================
[2022-11-20 10:19:35] Текст ошибки: Страница не найдена | Файл: C:\OpenServer\domains\localhost\vendor\ishop\core\Router.php | Строка: 39
=================
[2022-11-20 10:19:41] Текст ошибки: Call to a member function grep() on null | Файл: C:\OpenServer\domains\localhost\app\views\layouts\admin.php | Строка: 608
=================
[2022-11-20 10:36:14] Текст ошибки: Call to a member function grep() on null | Файл: C:\OpenServer\domains\localhost\app\views\layouts\admin.php | Строка: 608
=================
[2022-11-20 10:36:16] Текст ошибки: Call to a member function grep() on null | Файл: C:\OpenServer\domains\localhost\app\views\layouts\admin.php | Строка: 608
=================
[2022-11-20 10:36:22] Текст ошибки: Call to a member function grep() on null | Файл: C:\OpenServer\domains\localhost\app\views\layouts\admin.php | Строка: 608
=================
[2022-11-20 10:36:25] Текст ошибки: Call to a member function grep() on null | Файл: C:\OpenServer\domains\localhost\app\views\layouts\admin.php | Строка: 608
=================
[2022-11-20 10:36:32] Текст ошибки: Call to a member function grep() on null | Файл: C:\OpenServer\domains\localhost\app\views\layouts\admin.php | Строка: 608
=================
[2022-11-20 10:36:33] Текст ошибки: Call to a member function grep() on null | Файл: C:\OpenServer\domains\localhost\app\views\layouts\admin.php | Строка: 608
=================
[2022-11-20 10:36:35] Текст ошибки: Call to a member function grep() on null | Файл: C:\OpenServer\domains\localhost\app\views\layouts\admin.php | Строка: 608
=================
[2022-11-20 10:36:38] Текст ошибки: Call to a member function grep() on null | Файл: C:\OpenServer\domains\localhost\app\views\layouts\admin.php | Строка: 608
=================
[2022-11-20 10:36:48] Текст ошибки: Call to a member function grep() on null | Файл: C:\OpenServer\domains\localhost\app\views\layouts\admin.php | Строка: 608
=================
[2022-11-20 10:37:03] Текст ошибки: Call to a member function grep() on null | Файл: C:\OpenServer\domains\localhost\app\views\layouts\admin.php | Строка: 608
=================
[2022-11-20 10:37:05] Текст ошибки: Call to a member function grep() on null | Файл: C:\OpenServer\domains\localhost\app\views\layouts\admin.php | Строка: 608
=================
[2022-11-20 10:37:09] Текст ошибки: Call to a member function grep() on null | Файл: C:\OpenServer\domains\localhost\app\views\layouts\admin.php | Строка: 608
=================
[2022-11-20 10:37:11] Текст ошибки: Call to a member function grep() on null | Файл: C:\OpenServer\domains\localhost\app\views\layouts\admin.php | Строка: 608
=================
[2022-11-20 10:37:20] Текст ошибки: Call to a member function grep() on null | Файл: C:\OpenServer\domains\localhost\app\views\layouts\admin.php | Строка: 608
=================
[2022-11-20 10:37:22] Текст ошибки: Call to a member function grep() on null | Файл: C:\OpenServer\domains\localhost\app\views\layouts\admin.php | Строка: 608
=================
[2022-11-20 10:37:38] Текст ошибки: Call to a member function grep() on null | Файл: C:\OpenServer\domains\localhost\app\views\layouts\admin.php | Строка: 608
=================
[2022-11-20 10:37:44] Текст ошибки: Call to a member function grep() on null | Файл: C:\OpenServer\domains\localhost\app\views\layouts\admin.php | Строка: 608
=================
[2022-11-20 10:39:11] Текст ошибки: Call to a member function grep() on null | Файл: C:\OpenServer\domains\localhost\app\views\layouts\admin.php | Строка: 608
=================
[2022-11-20 10:39:20] Текст ошибки: Call to a member function grep() on null | Файл: C:\OpenServer\domains\localhost\app\views\layouts\admin.php | Строка: 608
=================
[2022-11-20 10:39:24] Текст ошибки: Call to a member function grep() on null | Файл: C:\OpenServer\domains\localhost\app\views\layouts\admin.php | Строка: 608
=================
[2022-11-20 10:42:32] Текст ошибки: Call to a member function grep() on null | Файл: C:\OpenServer\domains\localhost\app\views\layouts\admin.php | Строка: 608
=================
[2022-11-20 11:28:22] Текст ошибки: Call to a member function grep() on null | Файл: C:\OpenServer\domains\localhost\app\views\layouts\admin.php | Строка: 608
=================
[2022-11-20 12:08:37] Текст ошибки: Call to a member function grep() on null | Файл: C:\OpenServer\domains\localhost\app\views\layouts\admin.php | Строка: 608
=================
[2022-11-20 12:11:08] Текст ошибки: Call to a member function grep() on null | Файл: C:\OpenServer\domains\localhost\app\views\layouts\admin.php | Строка: 608
=================
[2022-11-20 12:22:20] Текст ошибки: Call to a member function grep() on null | Файл: C:\OpenServer\domains\localhost\app\views\layouts\admin.php | Строка: 608
=================
[2022-11-20 12:22:23] Текст ошибки: Call to a member function grep() on null | Файл: C:\OpenServer\domains\localhost\app\views\layouts\admin.php | Строка: 608
=================
[2022-11-20 12:31:38] Текст ошибки: Call to a member function grep() on null | Файл: C:\OpenServer\domains\localhost\app\views\layouts\admin.php | Строка: 608
=================
[2022-11-20 12:33:11] Текст ошибки: Call to a member function grep() on null | Файл: C:\OpenServer\domains\localhost\app\views\layouts\admin.php | Строка: 608
=================
[2022-11-20 12:33:14] Текст ошибки: Call to a member function grep() on null | Файл: C:\OpenServer\domains\localhost\app\views\layouts\admin.php | Строка: 608
=================
[2022-11-20 12:36:10] Текст ошибки: Call to a member function grep() on null | Файл: C:\OpenServer\domains\localhost\app\views\layouts\admin.php | Строка: 608
=================
[2022-11-20 12:36:37] Текст ошибки: Call to a member function grep() on null | Файл: C:\OpenServer\domains\localhost\app\views\layouts\admin.php | Строка: 608
=================
[2022-11-20 12:36:41] Текст ошибки: Call to a member function grep() on null | Файл: C:\OpenServer\domains\localhost\app\views\layouts\admin.php | Строка: 608
=================
[2022-11-20 12:36:49] Текст ошибки: Call to a member function grep() on null | Файл: C:\OpenServer\domains\localhost\app\views\layouts\admin.php | Строка: 608
=================
[2022-11-20 12:45:10] Текст ошибки: Call to a member function grep() on null | Файл: C:\OpenServer\domains\localhost\app\views\layouts\admin.php | Строка: 608
=================
[2022-11-20 12:45:21] Текст ошибки: Call to a member function grep() on null | Файл: C:\OpenServer\domains\localhost\app\views\layouts\admin.php | Строка: 608
=================
[2022-11-20 12:45:25] Текст ошибки: Call to a member function grep() on null | Файл: C:\OpenServer\domains\localhost\app\views\layouts\admin.php | Строка: 608
=================
[2022-11-20 12:50:04] Текст ошибки: Call to a member function grep() on null | Файл: C:\OpenServer\domains\localhost\app\views\layouts\admin.php | Строка: 608
=================
[2022-11-20 12:50:11] Текст ошибки: Call to a member function grep() on null | Файл: C:\OpenServer\domains\localhost\app\views\layouts\admin.php | Строка: 608
=================
[2022-11-20 12:50:13] Текст ошибки: Call to a member function grep() on null | Файл: C:\OpenServer\domains\localhost\app\views\layouts\admin.php | Строка: 608
=================
[2022-11-20 12:50:16] Текст ошибки: Call to a member function grep() on null | Файл: C:\OpenServer\domains\localhost\app\views\layouts\admin.php | Строка: 608
=================
[2022-11-20 12:50:23] Текст ошибки: SQLSTATE[01000]: Warning: 1265 Data truncated for column 'base' at row 1 | Файл: C:\OpenServer\domains\localhost\vendor\gabordemooij\redbean\RedBeanPHP\Driver\RPDO.php | Строка: 206
=================
[2022-11-20 12:50:24] Текст ошибки: Call to a member function grep() on null | Файл: C:\OpenServer\domains\localhost\app\views\layouts\admin.php | Строка: 608
=================
[2022-11-20 12:50:27] Текст ошибки: Call to a member function grep() on null | Файл: C:\OpenServer\domains\localhost\app\views\layouts\admin.php | Строка: 608
=================
[2022-11-20 12:50:37] Текст ошибки: Call to a member function grep() on null | Файл: C:\OpenServer\domains\localhost\app\views\layouts\admin.php | Строка: 608
=================
[2022-11-20 12:50:48] Текст ошибки: Call to a member function grep() on null | Файл: C:\OpenServer\domains\localhost\app\views\layouts\admin.php | Строка: 608
=================
[2022-11-20 12:50:50] Текст ошибки: Call to a member function grep() on null | Файл: C:\OpenServer\domains\localhost\app\views\layouts\admin.php | Строка: 608
=================
[2022-11-20 12:51:09] Текст ошибки: Call to a member function grep() on null | Файл: C:\OpenServer\domains\localhost\app\views\layouts\admin.php | Строка: 608
=================
[2022-11-20 12:51:10] Текст ошибки: Call to a member function grep() on null | Файл: C:\OpenServer\domains\localhost\app\views\layouts\admin.php | Строка: 608
=================
[2022-11-20 12:51:34] Текст ошибки: Call to a member function grep() on null | Файл: C:\OpenServer\domains\localhost\app\views\layouts\admin.php | Строка: 608
=================
[2022-11-20 12:52:20] Текст ошибки: SQLSTATE[01000]: Warning: 1265 Data truncated for column 'base' at row 1 | Файл: C:\OpenServer\domains\localhost\vendor\gabordemooij\redbean\RedBeanPHP\Driver\RPDO.php | Строка: 206
=================
[2022-11-20 12:52:22] Текст ошибки: Call to a member function grep() on null | Файл: C:\OpenServer\domains\localhost\app\views\layouts\admin.php | Строка: 608
=================
[2022-11-20 12:54:25] Текст ошибки: SQLSTATE[01000]: Warning: 1265 Data truncated for column 'base' at row 1 | Файл: C:\OpenServer\domains\localhost\vendor\gabordemooij\redbean\RedBeanPHP\Driver\RPDO.php | Строка: 206
=================
[2022-11-20 13:15:26] Текст ошибки: Call to a member function grep() on null | Файл: C:\OpenServer\domains\localhost\app\views\layouts\admin.php | Строка: 608
=================
[2022-11-20 13:15:28] Текст ошибки: Call to a member function grep() on null | Файл: C:\OpenServer\domains\localhost\app\views\layouts\admin.php | Строка: 608
=================
[2022-11-20 13:15:33] Текст ошибки: Call to a member function grep() on null | Файл: C:\OpenServer\domains\localhost\app\views\layouts\admin.php | Строка: 608
=================
[2022-11-20 13:15:35] Текст ошибки: Call to a member function grep() on null | Файл: C:\OpenServer\domains\localhost\app\views\layouts\admin.php | Строка: 608
=================
[2022-11-20 13:37:59] Текст ошибки: Метод app\controllers\admin\ProductController::deleteAction не найден | Файл: C:\OpenServer\domains\localhost\vendor\ishop\core\Router.php | Строка: 33
=================
[2022-11-20 13:38:30] Текст ошибки: Метод app\controllers\admin\ProductController::deleteAction не найден | Файл: C:\OpenServer\domains\localhost\vendor\ishop\core\Router.php | Строка: 33
=================
[2023-03-25 18:25:22] Текст ошибки: Нет соединения с БД | Файл: W:\domains\localhost\vendor\ishop\core\Db.php | Строка: 14
=================
[2023-03-30 20:42:40] Текст ошибки: Страница не найдена | Файл: W:\domains\localhost\vendor\ishop\core\Router.php | Строка: 39
=================
[2023-03-30 20:42:41] Текст ошибки: Страница не найдена | Файл: W:\domains\localhost\vendor\ishop\core\Router.php | Строка: 39
=================
[2023-03-30 20:42:41] Текст ошибки: Страница не найдена | Файл: W:\domains\localhost\vendor\ishop\core\Router.php | Строка: 39
=================
[2023-03-30 20:42:42] Текст ошибки: Страница не найдена | Файл: W:\domains\localhost\vendor\ishop\core\Router.php | Строка: 39
=================
[2023-03-30 20:42:42] Текст ошибки: Страница не найдена | Файл: W:\domains\localhost\vendor\ishop\core\Router.php | Строка: 39
=================
[2023-03-30 20:45:37] Текст ошибки: Failed to authenticate on SMTP server with username "testisho2@ukr.net" using 2 possible authenticators. Authenticator LOGIN returned Expected response code 235 but got code "535", with message "535 Incorrect authentication data
". Authenticator PLAIN returned Expected response code 235 but got code "535", with message "535 Incorrect authentication data
". | Файл: W:\domains\localhost\vendor\swiftmailer\swiftmailer\lib\classes\Swift\Transport\Esmtp\AuthHandler.php | Строка: 191
=================
[2023-03-30 20:45:37] Текст ошибки: Страница не найдена | Файл: W:\domains\localhost\vendor\ishop\core\Router.php | Строка: 39
=================
[2023-03-30 21:51:10] Текст ошибки: Страница не найдена | Файл: W:\domains\localhost\vendor\ishop\core\Router.php | Строка: 39
=================
[2023-03-30 21:51:12] Текст ошибки: Страница не найдена | Файл: W:\domains\localhost\vendor\ishop\core\Router.php | Строка: 39
=================
[2023-03-30 22:00:07] Текст ошибки: Страница не найдена | Файл: W:\domains\localhost\vendor\ishop\core\Router.php | Строка: 39
=================
[2023-03-30 22:01:01] Текст ошибки: Страница не найдена | Файл: W:\domains\localhost\vendor\ishop\core\Router.php | Строка: 39
=================
[2023-03-30 23:32:29] Текст ошибки: Failed to authenticate on SMTP server with username "testisho2@ukr.net" using 2 possible authenticators. Authenticator LOGIN returned Expected response code 235 but got code "535", with message "535 Incorrect authentication data
". Authenticator PLAIN returned Expected response code 235 but got code "535", with message "535 Incorrect authentication data
". | Файл: W:\domains\localhost\vendor\swiftmailer\swiftmailer\lib\classes\Swift\Transport\Esmtp\AuthHandler.php | Строка: 191
=================
[2023-05-07 21:05:31] Текст ошибки: Failed to authenticate on SMTP server with username "testisho2@ukr.net" using 2 possible authenticators. Authenticator LOGIN returned Expected response code 235 but got code "535", with message "535 Incorrect authentication data
". Authenticator PLAIN returned Expected response code 235 but got code "535", with message "535 Incorrect authentication data
". | Файл: W:\domains\localhost\vendor\swiftmailer\swiftmailer\lib\classes\Swift\Transport\Esmtp\AuthHandler.php | Строка: 191
=================
[2023-05-07 21:05:32] Текст ошибки: Страница не найдена | Файл: W:\domains\localhost\vendor\ishop\core\Router.php | Строка: 39
=================
[2023-05-17 19:01:53] Текст ошибки: Страница не найдена | Файл: W:\domains\localhost\vendor\ishop\core\Router.php | Строка: 39
=================
[2023-05-17 19:02:06] Текст ошибки: Страница не найдена | Файл: W:\domains\localhost\vendor\ishop\core\Router.php | Строка: 39
=================
[2023-05-17 19:03:15] Текст ошибки: Страница не найдена | Файл: W:\domains\localhost\vendor\ishop\core\Router.php | Строка: 39
=================
[2023-05-17 19:23:09] Текст ошибки: Страница не найдена | Файл: W:\domains\localhost\vendor\ishop\core\Router.php | Строка: 39
=================
[2023-05-17 22:22:27] Текст ошибки: Страница не найдена | Файл: W:\domains\localhost\vendor\ishop\core\Router.php | Строка: 39
=================
[2023-05-24 10:47:23] Текст ошибки: syntax error, unexpected end of file | Файл: W:\domains\localhost\app\controllers\MainController.php | Строка: 16
=================
[2023-05-24 10:47:25] Текст ошибки: syntax error, unexpected end of file | Файл: W:\domains\localhost\app\controllers\MainController.php | Строка: 16
=================
[2023-05-24 10:47:25] Текст ошибки: Страница не найдена | Файл: W:\domains\localhost\vendor\ishop\core\Router.php | Строка: 39
=================
[2023-05-24 10:47:25] Текст ошибки: syntax error, unexpected end of file | Файл: W:\domains\localhost\app\controllers\MainController.php | Строка: 16
=================
[2023-05-24 10:47:37] Текст ошибки: syntax error, unexpected end of file | Файл: W:\domains\localhost\app\controllers\MainController.php | Строка: 16
=================
[2023-05-24 11:03:45] Текст ошибки: SQLSTATE[23000]: Integrity constraint violation: 1062 Duplicate entry 'Титановий сплав' for key 'value' | Файл: W:\domains\localhost\vendor\gabordemooij\redbean\RedBeanPHP\Driver\RPDO.php | Строка: 206
=================
[2023-05-24 11:04:06] Текст ошибки: SQLSTATE[23000]: Integrity constraint violation: 1062 Duplicate entry 'Титановий сплав' for key 'value' | Файл: W:\domains\localhost\vendor\gabordemooij\redbean\RedBeanPHP\Driver\RPDO.php | Строка: 206
=================
[2023-05-24 11:04:46] Текст ошибки: SQLSTATE[23000]: Integrity constraint violation: 1062 Duplicate entry 'Полімерний' for key 'value' | Файл: W:\domains\localhost\vendor\gabordemooij\redbean\RedBeanPHP\Driver\RPDO.php | Строка: 206
=================
[2023-05-24 11:07:55] Текст ошибки: SQLSTATE[23000]: Integrity constraint violation: 1062 Duplicate entry 'Полімерний' for key 'value' | Файл: W:\domains\localhost\vendor\gabordemooij\redbean\RedBeanPHP\Driver\RPDO.php | Строка: 206
=================
[2023-05-24 11:09:14] Текст ошибки: Страница не найдена | Файл: W:\domains\localhost\vendor\ishop\core\Router.php | Строка: 39
=================
[2023-05-24 11:09:15] Текст ошибки: Страница не найдена | Файл: W:\domains\localhost\vendor\ishop\core\Router.php | Строка: 39
=================
[2023-05-24 11:09:15] Текст ошибки: Страница не найдена | Файл: W:\domains\localhost\vendor\ishop\core\Router.php | Строка: 39
=================
[2023-05-24 11:09:25] Текст ошибки: Страница не найдена | Файл: W:\domains\localhost\vendor\ishop\core\Router.php | Строка: 39
=================
[2023-05-24 11:09:31] Текст ошибки: Страница не найдена | Файл: W:\domains\localhost\vendor\ishop\core\Router.php | Строка: 39
=================
[2023-05-28 19:14:49] Текст ошибки: Страница не найдена | Файл: W:\domains\localhost\vendor\ishop\core\Router.php | Строка: 39
=================
[2023-05-28 19:18:31] Текст ошибки: Страница не найдена | Файл: W:\domains\localhost\vendor\ishop\core\Router.php | Строка: 39
=================
[2023-05-28 19:18:36] Текст ошибки: Страница не найдена | Файл: W:\domains\localhost\vendor\ishop\core\Router.php | Строка: 39
=================
[2023-05-28 19:18:36] Текст ошибки: Страница не найдена | Файл: W:\domains\localhost\vendor\ishop\core\Router.php | Строка: 39
=================
[2023-05-28 19:20:02] Текст ошибки: Страница не найдена | Файл: W:\domains\localhost\vendor\ishop\core\Router.php | Строка: 39
=================
